\BOOKMARK [1][-]{section.1}{Introduction}{}% 1
\BOOKMARK [2][-]{subsection.1.1}{History}{section.1}% 2
\BOOKMARK [2][-]{subsection.1.2}{Using\040this\040handbook}{section.1}% 3
\BOOKMARK [1][-]{section.2}{Overview\040of\040a\040C\040program}{}% 4
\BOOKMARK [1][-]{section.3}{Compiling\040and\040executing}{}% 5
\BOOKMARK [1][-]{section.4}{Variables,\040data\040types\040and\040reserved\040words}{}% 6
\BOOKMARK [2][-]{subsection.4.1}{Printing\040things\040on\040screen}{section.4}% 7
\BOOKMARK [2][-]{subsection.4.2}{Accepting\040inputs\040from\040the\040user}{section.4}% 8
\BOOKMARK [2][-]{subsection.4.3}{Commenting\040and\040defining\040constants}{section.4}% 9
\BOOKMARK [2][-]{subsection.4.4}{Characters\040and\040the\040Boolean\040data\040type}{section.4}% 10
\BOOKMARK [2][-]{subsection.4.5}{Keywords\040and\040system\040commands}{section.4}% 11
\BOOKMARK [1][-]{section.5}{Decision\040making\040with\040if\040and\040else}{}% 12
\BOOKMARK [2][-]{subsection.5.1}{Arithmetic\040operators}{section.5}% 13
\BOOKMARK [2][-]{subsection.5.2}{Jumping\040to\040a\040line}{section.5}% 14
\BOOKMARK [2][-]{subsection.5.3}{Relational\040operators}{section.5}% 15
\BOOKMARK [2][-]{subsection.5.4}{Logical\040operators}{section.5}% 16
\BOOKMARK [1][-]{section.6}{Functions\040and\040loops}{}% 17
\BOOKMARK [2][-]{subsection.6.1}{Functions\040simplify\040programs}{section.6}% 18
\BOOKMARK [2][-]{subsection.6.2}{Looping\040with\040do\040and\040while}{section.6}% 19
\BOOKMARK [2][-]{subsection.6.3}{More\040robust\040loops\040with\040for}{section.6}% 20
\BOOKMARK [2][-]{subsection.6.4}{Switching\040things\040around}{section.6}% 21
\BOOKMARK [1][-]{section.7}{Arrays\040and\040strings}{}% 22
\BOOKMARK [2][-]{subsection.7.1}{Handling\040numerical\040data\040sets}{section.7}% 23
\BOOKMARK [2][-]{subsection.7.2}{Handling\040words\040and\040sentences}{section.7}% 24
\BOOKMARK [2][-]{subsection.7.3}{Building\040larger\040programs}{section.7}% 25
\BOOKMARK [1][-]{section.8}{File\040handling}{}% 26
\BOOKMARK [2][-]{subsection.8.1}{Pointers}{section.8}% 27
\BOOKMARK [1][-]{section.9}{Further\040reading}{}% 28
\BOOKMARK [1][-]{section.10}{Solutions\040to\040coursework\040programs}{}% 29
